<?xml version="1.0" encoding="UTF-8"?>
<testng-results skipped="0" failed="0" ignored="0" total="2" passed="2">
  <reporter-output>
  </reporter-output>
  <suite name="Command line suite" duration-ms="11283" started-at="2020-01-06T16:03:12Z" finished-at="2020-01-06T16:03:23Z">
    <groups>
    </groups>
    <test name="Command line test" duration-ms="11283" started-at="2020-01-06T16:03:12Z" finished-at="2020-01-06T16:03:23Z">
      <class name="com.masteringSelenium.BasicTest">
        <test-method status="PASS" signature="initialValue()[pri:0, instance:com.masteringSelenium.BasicTest@2e18f2]" name="initialValue" is-config="true" duration-ms="8" started-at="2020-01-06T16:03:12Z" finished-at="2020-01-06T16:03:12Z">
          <reporter-output>
          </reporter-output>
        </test-method> <!-- initialValue -->
        <test-method status="PASS" signature="initialValue()[pri:0, instance:com.masteringSelenium.BasicTest@2e18f2]" name="initialValue" is-config="true" duration-ms="8" started-at="2020-01-06T16:03:12Z" finished-at="2020-01-06T16:03:12Z">
          <reporter-output>
          </reporter-output>
        </test-method> <!-- initialValue -->
        <test-method status="PASS" signature="googleBreadExample()[pri:0, instance:com.masteringSelenium.BasicTest@2e18f2]" name="googleBreadExample" duration-ms="10191" started-at="2020-01-06T16:03:12Z" finished-at="2020-01-06T16:03:22Z">
          <reporter-output>
          </reporter-output>
        </test-method> <!-- googleBreadExample -->
        <test-method status="PASS" signature="googleCheeseExample()[pri:0, instance:com.masteringSelenium.BasicTest@2e18f2]" name="googleCheeseExample" duration-ms="11248" started-at="2020-01-06T16:03:12Z" finished-at="2020-01-06T16:03:23Z">
          <reporter-output>
          </reporter-output>
        </test-method> <!-- googleCheeseExample -->
        <test-method status="PASS" signature="quit()[pri:0, instance:com.masteringSelenium.BasicTest@2e18f2]" name="quit" is-config="true" duration-ms="1" started-at="2020-01-06T16:03:22Z" finished-at="2020-01-06T16:03:22Z">
          <reporter-output>
          </reporter-output>
        </test-method> <!-- quit -->
        <test-method status="PASS" signature="quit()[pri:0, instance:com.masteringSelenium.BasicTest@2e18f2]" name="quit" is-config="true" duration-ms="0" started-at="2020-01-06T16:03:23Z" finished-at="2020-01-06T16:03:23Z">
          <reporter-output>
          </reporter-output>
        </test-method> <!-- quit -->
      </class> <!-- com.masteringSelenium.BasicTest -->
    </test> <!-- Command line test -->
  </suite> <!-- Command line suite -->
</testng-results>
