<?xml version="1.0" encoding="UTF-8"?>
<testng-results skipped="0" failed="0" ignored="0" total="1" passed="1">
  <reporter-output>
  </reporter-output>
  <suite name="Default suite" duration-ms="99" started-at="2020-01-05T12:28:36Z" finished-at="2020-01-05T12:28:36Z">
    <groups>
    </groups>
    <test name="Default test" duration-ms="99" started-at="2020-01-05T12:28:36Z" finished-at="2020-01-05T12:28:36Z">
      <class name="com.masteringSelenium.TesterLogs">
        <test-method status="PASS" signature="driversetup(java.lang.reflect.Method)[pri:0, instance:com.masteringSelenium.TesterLogs@156695f]" name="driversetup" is-config="true" duration-ms="46" started-at="2020-01-05T12:28:36Z" finished-at="2020-01-05T12:28:36Z">
          <params>
            <param index="0">
              <value>
                <![CDATA[public void com.masteringSelenium.TesterLogs.test112() throws java.io.IOException]]>
              </value>
            </param>
          </params>
          <reporter-output>
          </reporter-output>
        </test-method> <!-- driversetup -->
        <test-method status="PASS" signature="test112()[pri:0, instance:com.masteringSelenium.TesterLogs@156695f]" name="test112" duration-ms="17" started-at="2020-01-05T12:28:36Z" finished-at="2020-01-05T12:28:36Z">
          <reporter-output>
          </reporter-output>
        </test-method> <!-- test112 -->
      </class> <!-- com.masteringSelenium.TesterLogs -->
    </test> <!-- Default test -->
  </suite> <!-- Default suite -->
</testng-results>
